2024-10-18T18:36:51.552+0900 [DEBUG] [org.gradle.launcher.daemon.bootstrap.DaemonMain] Assuming the daemon was started with following jvm opts: [--add-opens=java.base/java.util=ALL-UNNAMED, --add-opens=java.base/java.lang=ALL-UNNAMED, --add-opens=java.base/java.lang.invoke=ALL-UNNAMED, --add-opens=java.prefs/java.util.prefs=ALL-UNNAMED, --add-exports=jdk.compiler/com.sun.tools.javac.api=ALL-UNNAMED, --add-exports=jdk.compiler/com.sun.tools.javac.util=ALL-UNNAMED, --add-opens=java.base/java.nio.charset=ALL-UNNAMED, --add-opens=java.base/java.net=ALL-UNNAMED, --add-opens=java.base/java.util.concurrent.atomic=ALL-UNNAMED, -XX:MaxMetaspaceSize=384m, -XX:+HeapDumpOnOutOfMemoryError, -Xms256m, -Xmx512m, -Dfile.encoding=UTF-8, -Duser.country, -Duser.language=en, -Duser.variant]
2024-10-18T18:36:51.630+0900 [DEBUG] [org.gradle.internal.nativeintegration.services.NativeServices] Native-platform posix files integration is not available. Continuing with fallback.
2024-10-18T18:36:51.643+0900 [INFO] [org.gradle.launcher.daemon.server.Daemon] start() called on daemon - DefaultDaemonContext[uid=1543b25e-ccd4-4905-a017-a48d7a21c60b,javaHome=C:\Program Files\Amazon Corretto\jdk21.0.4_7,javaVersion=21,javaVendor=Amazon.com Inc.,daemonRegistryDir=C:\my_work_hj\Carblre\daemon,pid=21048,idleTimeout=10800000,priority=NORMAL,applyInstrumentationAgent=true,nativeServicesMode=ENABLED,daemonOpts=--add-opens=java.base/java.util=ALL-UNNAMED,--add-opens=java.base/java.lang=ALL-UNNAMED,--add-opens=java.base/java.lang.invoke=ALL-UNNAMED,--add-opens=java.prefs/java.util.prefs=ALL-UNNAMED,--add-exports=jdk.compiler/com.sun.tools.javac.api=ALL-UNNAMED,--add-exports=jdk.compiler/com.sun.tools.javac.util=ALL-UNNAMED,--add-opens=java.base/java.nio.charset=ALL-UNNAMED,--add-opens=java.base/java.net=ALL-UNNAMED,--add-opens=java.base/java.util.concurrent.atomic=ALL-UNNAMED,-XX:MaxMetaspaceSize=384m,-XX:+HeapDumpOnOutOfMemoryError,-Xms256m,-Xmx512m,-Dfile.encoding=UTF-8,-Duser.country,-Duser.language=en,-Duser.variant]
2024-10-18T18:36:51.670+0900 [DEBUG] [org.gradle.internal.remote.internal.inet.InetAddresses] Adding IP addresses for network interface Realtek Gaming 2.5GbE Family Controller-WFP Native MAC Layer LightWeight Filter-0000
2024-10-18T18:36:51.670+0900 [DEBUG] [org.gradle.internal.remote.internal.inet.InetAddresses] Is this a loopback interface? false
2024-10-18T18:36:51.670+0900 [DEBUG] [org.gradle.internal.remote.internal.inet.InetAddresses] Adding IP addresses for network interface Realtek Gaming 2.5GbE Family Controller-QoS Packet Scheduler-0000
2024-10-18T18:36:51.671+0900 [DEBUG] [org.gradle.internal.remote.internal.inet.InetAddresses] Is this a loopback interface? false
2024-10-18T18:36:51.671+0900 [DEBUG] [org.gradle.internal.remote.internal.inet.InetAddresses] Adding IP addresses for network interface Realtek Gaming 2.5GbE Family Controller-WFP 802.3 MAC Layer LightWeight Filter-0000
2024-10-18T18:36:51.671+0900 [DEBUG] [org.gradle.internal.remote.internal.inet.InetAddresses] Is this a loopback interface? false
2024-10-18T18:36:51.671+0900 [DEBUG] [org.gradle.internal.remote.internal.inet.InetAddresses] Adding IP addresses for network interface WAN Miniport (IP)-WFP Native MAC Layer LightWeight Filter-0000
2024-10-18T18:36:51.671+0900 [DEBUG] [org.gradle.internal.remote.internal.inet.InetAddresses] Is this a loopback interface? false
2024-10-18T18:36:51.671+0900 [DEBUG] [org.gradle.internal.remote.internal.inet.InetAddresses] Adding IP addresses for network interface WAN Miniport (IP)-QoS Packet Scheduler-0000
2024-10-18T18:36:51.671+0900 [DEBUG] [org.gradle.internal.remote.internal.inet.InetAddresses] Is this a loopback interface? false
2024-10-18T18:36:51.671+0900 [DEBUG] [org.gradle.internal.remote.internal.inet.InetAddresses] Adding IP addresses for network interface WAN Miniport (IPv6)-WFP Native MAC Layer LightWeight Filter-0000
2024-10-18T18:36:51.671+0900 [DEBUG] [org.gradle.internal.remote.internal.inet.InetAddresses] Is this a loopback interface? false
2024-10-18T18:36:51.672+0900 [DEBUG] [org.gradle.internal.remote.internal.inet.InetAddresses] Adding IP addresses for network interface WAN Miniport (IPv6)-QoS Packet Scheduler-0000
2024-10-18T18:36:51.672+0900 [DEBUG] [org.gradle.internal.remote.internal.inet.InetAddresses] Is this a loopback interface? false
2024-10-18T18:36:51.672+0900 [DEBUG] [org.gradle.internal.remote.internal.inet.InetAddresses] Adding IP addresses for network interface WAN Miniport (Network Monitor)-WFP Native MAC Layer LightWeight Filter-0000
2024-10-18T18:36:51.672+0900 [DEBUG] [org.gradle.internal.remote.internal.inet.InetAddresses] Is this a loopback interface? false
2024-10-18T18:36:51.672+0900 [DEBUG] [org.gradle.internal.remote.internal.inet.InetAddresses] Adding IP addresses for network interface WAN Miniport (Network Monitor)-QoS Packet Scheduler-0000
2024-10-18T18:36:51.672+0900 [DEBUG] [org.gradle.internal.remote.internal.inet.InetAddresses] Is this a loopback interface? false
2024-10-18T18:36:51.672+0900 [DEBUG] [org.gradle.internal.remote.internal.inet.InetAddresses] Adding IP addresses for network interface Microsoft Kernel Debug Network Adapter
2024-10-18T18:36:51.672+0900 [DEBUG] [org.gradle.internal.remote.internal.inet.InetAddresses] Is this a loopback interface? false
2024-10-18T18:36:51.672+0900 [DEBUG] [org.gradle.internal.remote.internal.inet.InetAddresses] Adding IP addresses for network interface Realtek Gaming 2.5GbE Family Controller
2024-10-18T18:36:51.673+0900 [DEBUG] [org.gradle.internal.remote.internal.inet.InetAddresses] Is this a loopback interface? false
2024-10-18T18:36:51.673+0900 [DEBUG] [org.gradle.internal.remote.internal.inet.InetAddresses] Adding remote address /fe80:0:0:0:f663:f8bb:a629:d146%ethernet_32769
2024-10-18T18:36:51.673+0900 [DEBUG] [org.gradle.internal.remote.internal.inet.InetAddresses] Adding remote address /192.168.0.33
2024-10-18T18:36:51.673+0900 [DEBUG] [org.gradle.internal.remote.internal.inet.InetAddresses] Adding IP addresses for network interface WAN Miniport (IP)
2024-10-18T18:36:51.673+0900 [DEBUG] [org.gradle.internal.remote.internal.inet.InetAddresses] Is this a loopback interface? false
2024-10-18T18:36:51.673+0900 [DEBUG] [org.gradle.internal.remote.internal.inet.InetAddresses] Adding IP addresses for network interface WAN Miniport (IPv6)
2024-10-18T18:36:51.673+0900 [DEBUG] [org.gradle.internal.remote.internal.inet.InetAddresses] Is this a loopback interface? false
2024-10-18T18:36:51.673+0900 [DEBUG] [org.gradle.internal.remote.internal.inet.InetAddresses] Adding IP addresses for network interface WAN Miniport (Network Monitor)
2024-10-18T18:36:51.673+0900 [DEBUG] [org.gradle.internal.remote.internal.inet.InetAddresses] Is this a loopback interface? false
2024-10-18T18:36:51.673+0900 [DEBUG] [org.gradle.internal.remote.internal.inet.InetAddresses] Adding IP addresses for network interface WAN Miniport (PPPOE)
2024-10-18T18:36:51.674+0900 [DEBUG] [org.gradle.internal.remote.internal.inet.InetAddresses] Is this a loopback interface? false
2024-10-18T18:36:51.674+0900 [DEBUG] [org.gradle.internal.remote.internal.inet.InetAddresses] Adding IP addresses for network interface Software Loopback Interface 1
2024-10-18T18:36:51.674+0900 [DEBUG] [org.gradle.internal.remote.internal.inet.InetAddresses] Is this a loopback interface? true
2024-10-18T18:36:51.674+0900 [DEBUG] [org.gradle.internal.remote.internal.inet.InetAddresses] Adding loopback address /0:0:0:0:0:0:0:1
2024-10-18T18:36:51.674+0900 [DEBUG] [org.gradle.internal.remote.internal.inet.InetAddresses] Adding loopback address /127.0.0.1
2024-10-18T18:36:51.674+0900 [DEBUG] [org.gradle.internal.remote.internal.inet.InetAddresses] Adding IP addresses for network interface Microsoft Teredo Tunneling Adapter
2024-10-18T18:36:51.674+0900 [DEBUG] [org.gradle.internal.remote.internal.inet.InetAddresses] Is this a loopback interface? false
2024-10-18T18:36:51.674+0900 [DEBUG] [org.gradle.internal.remote.internal.inet.InetAddresses] Adding IP addresses for network interface Microsoft IP-HTTPS Platform Adapter
2024-10-18T18:36:51.674+0900 [DEBUG] [org.gradle.internal.remote.internal.inet.InetAddresses] Is this a loopback interface? false
2024-10-18T18:36:51.674+0900 [DEBUG] [org.gradle.internal.remote.internal.inet.InetAddresses] Adding IP addresses for network interface Microsoft 6to4 Adapter
2024-10-18T18:36:51.674+0900 [DEBUG] [org.gradle.internal.remote.internal.inet.InetAddresses] Is this a loopback interface? false
2024-10-18T18:36:51.674+0900 [DEBUG] [org.gradle.internal.remote.internal.inet.InetAddresses] Adding IP addresses for network interface WAN Miniport (SSTP)
2024-10-18T18:36:51.675+0900 [DEBUG] [org.gradle.internal.remote.internal.inet.InetAddresses] Is this a loopback interface? false
2024-10-18T18:36:51.675+0900 [DEBUG] [org.gradle.internal.remote.internal.inet.InetAddresses] Adding IP addresses for network interface WAN Miniport (IKEv2)
2024-10-18T18:36:51.675+0900 [DEBUG] [org.gradle.internal.remote.internal.inet.InetAddresses] Is this a loopback interface? false
2024-10-18T18:36:51.675+0900 [DEBUG] [org.gradle.internal.remote.internal.inet.InetAddresses] Adding IP addresses for network interface WAN Miniport (L2TP)
2024-10-18T18:36:51.675+0900 [DEBUG] [org.gradle.internal.remote.internal.inet.InetAddresses] Is this a loopback interface? false
2024-10-18T18:36:51.675+0900 [DEBUG] [org.gradle.internal.remote.internal.inet.InetAddresses] Adding IP addresses for network interface WAN Miniport (PPTP)
2024-10-18T18:36:51.675+0900 [DEBUG] [org.gradle.internal.remote.internal.inet.InetAddresses] Is this a loopback interface? false
2024-10-18T18:36:51.677+0900 [DEBUG] [org.gradle.internal.remote.internal.inet.TcpIncomingConnector] Listening on [65b63f2b-34b0-4a20-8025-52321d8e6610 port:50298, addresses:[localhost/127.0.0.1]].
2024-10-18T18:36:51.684+0900 [DEBUG] [org.gradle.launcher.daemon.server.Daemon] Daemon starting at: Fri Oct 18 18:36:51 KST 2024, with address: [65b63f2b-34b0-4a20-8025-52321d8e6610 port:50298, addresses:[localhost/127.0.0.1]]
2024-10-18T18:36:51.684+0900 [INFO] [org.gradle.launcher.daemon.server.DaemonRegistryUpdater] Advertising the daemon address to the clients: [65b63f2b-34b0-4a20-8025-52321d8e6610 port:50298, addresses:[localhost/127.0.0.1]]
2024-10-18T18:36:51.684+0900 [DEBUG] [org.gradle.launcher.daemon.server.DaemonRegistryUpdater] Advertised daemon context: DefaultDaemonContext[uid=1543b25e-ccd4-4905-a017-a48d7a21c60b,javaHome=C:\Program Files\Amazon Corretto\jdk21.0.4_7,javaVersion=21,javaVendor=Amazon.com Inc.,daemonRegistryDir=C:\my_work_hj\Carblre\daemon,pid=21048,idleTimeout=10800000,priority=NORMAL,applyInstrumentationAgent=true,nativeServicesMode=ENABLED,daemonOpts=--add-opens=java.base/java.util=ALL-UNNAMED,--add-opens=java.base/java.lang=ALL-UNNAMED,--add-opens=java.base/java.lang.invoke=ALL-UNNAMED,--add-opens=java.prefs/java.util.prefs=ALL-UNNAMED,--add-exports=jdk.compiler/com.sun.tools.javac.api=ALL-UNNAMED,--add-exports=jdk.compiler/com.sun.tools.javac.util=ALL-UNNAMED,--add-opens=java.base/java.nio.charset=ALL-UNNAMED,--add-opens=java.base/java.net=ALL-UNNAMED,--add-opens=java.base/java.util.concurrent.atomic=ALL-UNNAMED,-XX:MaxMetaspaceSize=384m,-XX:+HeapDumpOnOutOfMemoryError,-Xms256m,-Xmx512m,-Dfile.encoding=UTF-8,-Duser.country,-Duser.language=en,-Duser.variant]
2024-10-18T18:36:51.685+0900 [DEBUG] [org.gradle.launcher.daemon.registry.PersistentDaemonRegistry] Storing daemon address: [65b63f2b-34b0-4a20-8025-52321d8e6610 port:50298, addresses:[localhost/127.0.0.1]], context: DefaultDaemonContext[uid=1543b25e-ccd4-4905-a017-a48d7a21c60b,javaHome=C:\Program Files\Amazon Corretto\jdk21.0.4_7,javaVersion=21,javaVendor=Amazon.com Inc.,daemonRegistryDir=C:\my_work_hj\Carblre\daemon,pid=21048,idleTimeout=10800000,priority=NORMAL,applyInstrumentationAgent=true,nativeServicesMode=ENABLED,daemonOpts=--add-opens=java.base/java.util=ALL-UNNAMED,--add-opens=java.base/java.lang=ALL-UNNAMED,--add-opens=java.base/java.lang.invoke=ALL-UNNAMED,--add-opens=java.prefs/java.util.prefs=ALL-UNNAMED,--add-exports=jdk.compiler/com.sun.tools.javac.api=ALL-UNNAMED,--add-exports=jdk.compiler/com.sun.tools.javac.util=ALL-UNNAMED,--add-opens=java.base/java.nio.charset=ALL-UNNAMED,--add-opens=java.base/java.net=ALL-UNNAMED,--add-opens=java.base/java.util.concurrent.atomic=ALL-UNNAMED,-XX:MaxMetaspaceSize=384m,-XX:+HeapDumpOnOutOfMemoryError,-Xms256m,-Xmx512m,-Dfile.encoding=UTF-8,-Duser.country,-Duser.language=en,-Duser.variant]
2024-10-18T18:36:51.693+0900 [DEBUG] [org.gradle.cache.internal.DefaultFileLockManager] Waiting to acquire exclusive lock on daemon addresses registry.
2024-10-18T18:36:51.695+0900 [DEBUG] [org.gradle.cache.internal.DefaultFileLockManager] Lock acquired on daemon addresses registry.
2024-10-18T18:36:51.698+0900 [DEBUG] [org.gradle.cache.internal.DefaultFileLockManager] Releasing lock on daemon addresses registry.
2024-10-18T18:36:51.698+0900 [LIFECYCLE] [org.gradle.launcher.daemon.server.Daemon] Daemon server started.
2024-10-18T18:36:51.698+0900 [DEBUG] [org.gradle.launcher.daemon.bootstrap.DaemonStartupCommunication] Completed writing the daemon greeting. Closing streams...
2024-10-18T18:36:51.701+0900 [DEBUG] [org.gradle.internal.remote.internal.inet.TcpIncomingConnector] Accepted connection from /127.0.0.1:50299 to /127.0.0.1:50298.
2024-10-18T18:36:51.705+0900 [DEBUG] [org.gradle.launcher.daemon.server.Daemon] stopOnExpiration() called on daemon
2024-10-18T18:36:51.705+0900 [DEBUG] [org.gradle.launcher.daemon.server.Daemon] awaitExpiration() called on daemon
2024-10-18T18:36:51.706+0900 [DEBUG] [org.gradle.launcher.daemon.server.DaemonStateCoordinator] daemon is running. Sleeping until state changes.
2024-10-18T18:36:51.733+0900 [DEBUG] [org.gradle.launcher.daemon.server.SynchronizedDispatchConnection] thread 42: received class org.gradle.launcher.daemon.protocol.Build
2024-10-18T18:36:51.733+0900 [DEBUG] [org.gradle.launcher.daemon.server.DefaultDaemonConnection] thread 42: Received non-IO message from client: Build{id=37591c30-7ce1-4fc2-9fb0-74a9be0c24bb, currentDir=C:\my_work_hj\Carblre}
2024-10-18T18:36:51.733+0900 [INFO] [org.gradle.launcher.daemon.server.DefaultIncomingConnectionHandler] Received command: Build{id=37591c30-7ce1-4fc2-9fb0-74a9be0c24bb, currentDir=C:\my_work_hj\Carblre}.
2024-10-18T18:36:51.733+0900 [DEBUG] [org.gradle.launcher.daemon.server.DefaultIncomingConnectionHandler] Starting executing command: Build{id=37591c30-7ce1-4fc2-9fb0-74a9be0c24bb, currentDir=C:\my_work_hj\Carblre} with connection: socket connection from /127.0.0.1:50298 to /127.0.0.1:50299.
2024-10-18T18:36:51.734+0900 [DEBUG] [org.gradle.launcher.daemon.server.DaemonStateCoordinator] Command execution: started DaemonCommandExecution[command = Build{id=37591c30-7ce1-4fc2-9fb0-74a9be0c24bb, currentDir=C:\my_work_hj\Carblre}, connection = DefaultDaemonConnection: socket connection from /127.0.0.1:50298 to /127.0.0.1:50299] after 0.0011166666666666666 minutes of idle
2024-10-18T18:36:51.734+0900 [INFO] [org.gradle.launcher.daemon.server.DaemonRegistryUpdater] Marking the daemon as busy, address: [65b63f2b-34b0-4a20-8025-52321d8e6610 port:50298, addresses:[localhost/127.0.0.1]]
2024-10-18T18:36:51.734+0900 [DEBUG] [org.gradle.launcher.daemon.registry.PersistentDaemonRegistry] Marking busy by address: [65b63f2b-34b0-4a20-8025-52321d8e6610 port:50298, addresses:[localhost/127.0.0.1]]
2024-10-18T18:36:51.735+0900 [DEBUG] [org.gradle.cache.internal.DefaultFileLockManager] Waiting to acquire exclusive lock on daemon addresses registry.
2024-10-18T18:36:51.735+0900 [DEBUG] [org.gradle.cache.internal.DefaultFileLockManager] Lock acquired on daemon addresses registry.
2024-10-18T18:36:51.736+0900 [DEBUG] [org.gradle.cache.internal.DefaultFileLockManager] Releasing lock on daemon addresses registry.
2024-10-18T18:36:51.736+0900 [DEBUG] [org.gradle.launcher.daemon.server.DaemonStateCoordinator] resetting idle timer
2024-10-18T18:36:51.736+0900 [DEBUG] [org.gradle.launcher.daemon.server.DaemonStateCoordinator] daemon is running. Sleeping until state changes.
2024-10-18T18:36:51.736+0900 [INFO] [org.gradle.launcher.daemon.server.exec.StartBuildOrRespondWithBusy] Daemon is about to start building Build{id=37591c30-7ce1-4fc2-9fb0-74a9be0c24bb, currentDir=C:\my_work_hj\Carblre}. Dispatching build started information...
2024-10-18T18:36:51.736+0900 [DEBUG] [org.gradle.launcher.daemon.server.SynchronizedDispatchConnection] thread 44: dispatching org.gradle.launcher.daemon.protocol.BuildStarted@5b26d9fa
2024-10-18T18:36:51.737+0900 [DEBUG] [org.gradle.launcher.daemon.server.exec.EstablishBuildEnvironment] Configuring env variables: [USERDOMAIN_ROAMINGPROFILE, LOCALAPPDATA, PROCESSOR_LEVEL, USERDOMAIN, LOGONSERVER, FPS_BROWSER_APP_PROFILE_STRING, JAVA_HOME, POSTGIS_GDAL_ENABLED_DRIVERS, SESSIONNAME, ALLUSERSPROFILE, INTEL_DEV_REDIST, GDAL_DATA, PROCESSOR_ARCHITECTURE, MIC_LD_LIBRARY_PATH, PSModulePath, SystemDrive, OneDrive, APPDATA, POSTGIS_ENABLE_OUTDB_RASTERS, USERNAME, ProgramFiles(x86), CommonProgramFiles, Path, FPS_BROWSER_USER_PROFILE_STRING, CURL_CA_BUNDLE, PATHEXT, DriverData, OS, COMPUTERNAME, PROJ_LIB, PROCESSOR_REVISION, CommonProgramW6432, ComSpec, ProgramData, ProgramW6432, HOMEPATH, SystemRoot, TEMP, PROCESSOR_IDENTIFIER, HOMEDRIVE, USERPROFILE, TMP, CommonProgramFiles(x86), ProgramFiles, PUBLIC, windir, NUMBER_OF_PROCESSORS, =::]
2024-10-18T18:36:51.739+0900 [DEBUG] [org.gradle.launcher.daemon.server.exec.LogToClient] About to start relaying all logs to the client via the connection.
2024-10-18T18:36:51.739+0900 [INFO] [org.gradle.launcher.daemon.server.exec.LogToClient] The client will now receive all logging from the daemon (pid: 21048). The daemon log file: C:\my_work_hj\Carblre\daemon\8.10.2\daemon-21048.out.log
2024-10-18T18:36:51.740+0900 [INFO] [org.gradle.launcher.daemon.server.exec.LogAndCheckHealth] Starting build in new daemon [memory: 512 MiB]
2024-10-18T18:36:51.741+0900 [DEBUG] [org.gradle.launcher.daemon.server.exec.ExecuteBuild] The daemon has started executing the build.
2024-10-18T18:36:51.741+0900 [DEBUG] [org.gradle.launcher.daemon.server.exec.ExecuteBuild] Executing build with daemon context: DefaultDaemonContext[uid=1543b25e-ccd4-4905-a017-a48d7a21c60b,javaHome=C:\Program Files\Amazon Corretto\jdk21.0.4_7,javaVersion=21,javaVendor=Amazon.com Inc.,daemonRegistryDir=C:\my_work_hj\Carblre\daemon,pid=21048,idleTimeout=10800000,priority=NORMAL,applyInstrumentationAgent=true,nativeServicesMode=ENABLED,daemonOpts=--add-opens=java.base/java.util=ALL-UNNAMED,--add-opens=java.base/java.lang=ALL-UNNAMED,--add-opens=java.base/java.lang.invoke=ALL-UNNAMED,--add-opens=java.prefs/java.util.prefs=ALL-UNNAMED,--add-exports=jdk.compiler/com.sun.tools.javac.api=ALL-UNNAMED,--add-exports=jdk.compiler/com.sun.tools.javac.util=ALL-UNNAMED,--add-opens=java.base/java.nio.charset=ALL-UNNAMED,--add-opens=java.base/java.net=ALL-UNNAMED,--add-opens=java.base/java.util.concurrent.atomic=ALL-UNNAMED,-XX:MaxMetaspaceSize=384m,-XX:+HeapDumpOnOutOfMemoryError,-Xms256m,-Xmx512m,-Dfile.encoding=UTF-8,-Duser.country,-Duser.language=en,-Duser.variant]

BUILD SUCCESSFUL in 4s
2 actionable tasks: 2 up-to-date
2024-10-18T18:36:55.735+0900 [DEBUG] [org.gradle.launcher.daemon.server.exec.ExecuteBuild] The daemon has finished executing the build.
2024-10-18T18:36:55.752+0900 [DEBUG] [org.gradle.launcher.daemon.server.DaemonStateCoordinator] daemon is running. Sleeping until state changes.
2024-10-18T18:36:55.752+0900 [DEBUG] [org.gradle.launcher.daemon.server.DaemonStateCoordinator] Command execution: finished waiting for DaemonCommandExecution[command = Build{id=37591c30-7ce1-4fc2-9fb0-74a9be0c24bb, currentDir=C:\my_work_hj\Carblre}, connection = DefaultDaemonConnection: socket connection from /127.0.0.1:50298 to /127.0.0.1:50299]. Result org.gradle.launcher.daemon.server.DaemonStateCoordinator@61f1dd88 with state Busy
2024-10-18T18:36:55.752+0900 [DEBUG] [org.gradle.launcher.daemon.server.DaemonStateCoordinator] Command execution: completed DaemonCommandExecution[command = Build{id=37591c30-7ce1-4fc2-9fb0-74a9be0c24bb, currentDir=C:\my_work_hj\Carblre}, connection = DefaultDaemonConnection: socket connection from /127.0.0.1:50298 to /127.0.0.1:50299]
2024-10-18T18:36:55.752+0900 [DEBUG] [org.gradle.launcher.daemon.server.DaemonStateCoordinator] resetting idle timer
2024-10-18T18:36:55.752+0900 [INFO] [org.gradle.launcher.daemon.server.DaemonRegistryUpdater] Marking the daemon as idle, address: [65b63f2b-34b0-4a20-8025-52321d8e6610 port:50298, addresses:[localhost/127.0.0.1]]
2024-10-18T18:36:55.752+0900 [DEBUG] [org.gradle.launcher.daemon.registry.PersistentDaemonRegistry] Marking busy by address: [65b63f2b-34b0-4a20-8025-52321d8e6610 port:50298, addresses:[localhost/127.0.0.1]]
2024-10-18T18:36:55.752+0900 [DEBUG] [org.gradle.cache.internal.DefaultFileLockManager] Waiting to acquire exclusive lock on daemon addresses registry.
2024-10-18T18:36:55.753+0900 [DEBUG] [org.gradle.cache.internal.DefaultFileLockManager] Lock acquired on daemon addresses registry.
2024-10-18T18:36:55.753+0900 [DEBUG] [org.gradle.cache.internal.DefaultFileLockManager] Releasing lock on daemon addresses registry.
2024-10-18T18:36:55.753+0900 [DEBUG] [org.gradle.launcher.daemon.server.DaemonStateCoordinator] daemon is running. Sleeping until state changes.
2024-10-18T18:36:55.753+0900 [DEBUG] [org.gradle.launcher.daemon.server.exec.ReturnResult] Daemon is dispatching the build result: Success[value=org.gradle.launcher.exec.BuildActionResult@78eb5d06]
2024-10-18T18:36:55.753+0900 [DEBUG] [org.gradle.launcher.daemon.server.SynchronizedDispatchConnection] thread 41: dispatching Success[value=org.gradle.launcher.exec.BuildActionResult@78eb5d06]
2024-10-18T18:36:55.754+0900 [DEBUG] [org.gradle.launcher.daemon.server.SynchronizedDispatchConnection] thread 42: received class org.gradle.launcher.daemon.protocol.CloseInput
2024-10-18T18:36:55.754+0900 [DEBUG] [org.gradle.launcher.daemon.server.DefaultDaemonConnection] thread 42: Received IO message from client: org.gradle.launcher.daemon.protocol.CloseInput@4e906c7a
2024-10-18T18:36:55.754+0900 [DEBUG] [org.gradle.launcher.daemon.server.SynchronizedDispatchConnection] thread 42: received class org.gradle.launcher.daemon.protocol.Finished
2024-10-18T18:36:55.754+0900 [DEBUG] [org.gradle.launcher.daemon.server.DefaultDaemonConnection] thread 42: Received non-IO message from client: org.gradle.launcher.daemon.protocol.Finished@1d4550f5
2024-10-18T18:36:55.754+0900 [DEBUG] [org.gradle.internal.remote.internal.inet.SocketConnection] Discarding EOFException: java.io.EOFException
2024-10-18T18:36:55.754+0900 [DEBUG] [org.gradle.launcher.daemon.server.exec.CleanUpVirtualFileSystemAfterBuild] Cleaning virtual file system after build finished
2024-10-18T18:36:55.754+0900 [DEBUG] [org.gradle.launcher.daemon.server.DefaultIncomingConnectionHandler] Finishing executing command: Build{id=37591c30-7ce1-4fc2-9fb0-74a9be0c24bb, currentDir=C:\my_work_hj\Carblre}
2024-10-18T18:36:55.754+0900 [DEBUG] [org.gradle.launcher.daemon.server.SynchronizedDispatchConnection] thread 42: received null
2024-10-18T18:36:55.754+0900 [DEBUG] [org.gradle.launcher.daemon.server.DefaultIncomingConnectionHandler] Received finished message: org.gradle.launcher.daemon.protocol.Finished@1d4550f5
2024-10-18T18:36:55.754+0900 [DEBUG] [org.gradle.launcher.daemon.server.DefaultDaemonConnection] thread 42: Received end-of-input from client.
2024-10-18T18:36:55.754+0900 [DEBUG] [org.gradle.launcher.daemon.server.SynchronizedDispatchConnection] thread 41: stopping connection
2024-10-18T18:36:55.755+0900 [DEBUG] [org.gradle.launcher.daemon.server.SynchronizedDispatchConnection] thread 41: stopping connection
2024-10-18T18:36:55.878+0900 [DEBUG] [org.gradle.cache.internal.LockOnDemandCrossProcessCacheAccess] Releasing file lock for journal cache (C:\my_work_hj\Carblre\caches\journal-1)
2024-10-18T18:36:55.879+0900 [DEBUG] [org.gradle.cache.internal.btree.BTreePersistentIndexedCache] Closing cache file-access.bin (C:\my_work_hj\Carblre\caches\journal-1\file-access.bin)
2024-10-18T18:36:55.879+0900 [DEBUG] [org.gradle.cache.internal.DefaultFileLockManager] Releasing lock on journal cache (C:\my_work_hj\Carblre\caches\journal-1).
2024-10-18T18:36:55.879+0900 [DEBUG] [org.gradle.cache.internal.locklistener.FileLockCommunicator] Confirming lock release to Gradle process at port 50055 for lock with id 6916356554978351259.
2024-10-18T18:36:55.879+0900 [DEBUG] [org.gradle.cache.internal.locklistener.FileLockCommunicator] Confirming lock release to Gradle process at port 50055 for lock with id 6916356554978351259.
2024-10-18T18:36:55.881+0900 [DEBUG] [org.gradle.cache.internal.LockOnDemandCrossProcessCacheAccess] Lock on artifact cache (C:\my_work_hj\Carblre\caches\modules-2) requested by another process - releasing lock.
2024-10-18T18:36:55.881+0900 [DEBUG] [org.gradle.cache.internal.LockOnDemandCrossProcessCacheAccess] Releasing file lock for artifact cache (C:\my_work_hj\Carblre\caches\modules-2)
2024-10-18T18:36:55.882+0900 [DEBUG] [org.gradle.cache.internal.btree.BTreePersistentIndexedCache] Closing cache module-artifact.bin (C:\my_work_hj\Carblre\caches\modules-2\metadata-2.106\module-artifact.bin)
2024-10-18T18:36:55.882+0900 [DEBUG] [org.gradle.cache.internal.btree.BTreePersistentIndexedCache] Closing cache module-metadata.bin (C:\my_work_hj\Carblre\caches\modules-2\metadata-2.106\module-metadata.bin)
2024-10-18T18:36:55.882+0900 [DEBUG] [org.gradle.cache.internal.DefaultFileLockManager] Releasing lock on artifact cache (C:\my_work_hj\Carblre\caches\modules-2).
2024-10-18T18:36:55.882+0900 [DEBUG] [org.gradle.cache.internal.locklistener.FileLockCommunicator] Confirming lock release to Gradle process at port 50055 for lock with id 4048283154807905506.
2024-10-18T18:36:55.882+0900 [DEBUG] [org.gradle.cache.internal.locklistener.FileLockCommunicator] Confirming lock release to Gradle process at port 50055 for lock with id 4048283154807905506.
2024-10-18T18:36:55.897+0900 [DEBUG] [org.gradle.cache.internal.LockOnDemandCrossProcessCacheAccess] Lock on file hash cache (C:\my_work_hj\Carblre\caches\8.10.2\fileHashes) requested by another process - releasing lock.
2024-10-18T18:36:55.897+0900 [DEBUG] [org.gradle.cache.internal.LockOnDemandCrossProcessCacheAccess] Releasing file lock for file hash cache (C:\my_work_hj\Carblre\caches\8.10.2\fileHashes)
2024-10-18T18:36:55.897+0900 [DEBUG] [org.gradle.cache.internal.btree.BTreePersistentIndexedCache] Closing cache fileHashes.bin (C:\my_work_hj\Carblre\caches\8.10.2\fileHashes\fileHashes.bin)
2024-10-18T18:36:55.897+0900 [DEBUG] [org.gradle.cache.internal.btree.BTreePersistentIndexedCache] Closing cache resourceHashesCache.bin (C:\my_work_hj\Carblre\caches\8.10.2\fileHashes\resourceHashesCache.bin)
2024-10-18T18:36:55.897+0900 [DEBUG] [org.gradle.cache.internal.DefaultFileLockManager] Releasing lock on file hash cache (C:\my_work_hj\Carblre\caches\8.10.2\fileHashes).
2024-10-18T18:36:55.897+0900 [DEBUG] [org.gradle.cache.internal.locklistener.FileLockCommunicator] Confirming lock release to Gradle process at port 50055 for lock with id 4427397384832338172.
2024-10-18T18:36:55.897+0900 [DEBUG] [org.gradle.cache.internal.locklistener.FileLockCommunicator] Confirming lock release to Gradle process at port 50055 for lock with id 4427397384832338172.
2024-10-18T18:36:59.161+0900 [DEBUG] [org.gradle.process.internal.health.memory.DefaultMemoryManager] 1702348800 physical memory requested, 822190080 free
2024-10-18T18:36:59.161+0900 [DEBUG] [org.gradle.workers.internal.WorkerDaemonExpiration] Will attempt to release 1623 of memory
2024-10-18T18:36:59.162+0900 [DEBUG] [org.gradle.process.internal.health.memory.DefaultMemoryManager] 1702348800 physical memory requested, 0 released, 822190080 free
2024-10-18T18:37:01.711+0900 [DEBUG] [org.gradle.cache.internal.DefaultFileLockManager] Waiting to acquire shared lock on daemon addresses registry.
2024-10-18T18:37:01.712+0900 [DEBUG] [org.gradle.cache.internal.DefaultFileLockManager] Lock acquired on daemon addresses registry.
2024-10-18T18:37:01.714+0900 [DEBUG] [org.gradle.cache.internal.DefaultFileLockManager] Releasing lock on daemon addresses registry.
2024-10-18T18:37:01.717+0900 [DEBUG] [org.gradle.cache.internal.DefaultFileLockManager] Waiting to acquire shared lock on daemon addresses registry.
2024-10-18T18:37:01.717+0900 [DEBUG] [org.gradle.cache.internal.DefaultFileLockManager] Lock acquired on daemon addresses registry.
2024-10-18T18:37:01.718+0900 [DEBUG] [org.gradle.cache.internal.DefaultFileLockManager] Releasing lock on daemon addresses registry.
2024-10-18T18:37:04.152+0900 [DEBUG] [org.gradle.process.internal.health.memory.DefaultMemoryManager] 1702348800 physical memory requested, 797413376 free
2024-10-18T18:37:04.152+0900 [DEBUG] [org.gradle.workers.internal.WorkerDaemonExpiration] Will attempt to release 1623 of memory
2024-10-18T18:37:04.153+0900 [DEBUG] [org.gradle.process.internal.health.memory.DefaultMemoryManager] 1702348800 physical memory requested, 0 released, 797413376 free
2024-10-18T18:37:09.158+0900 [DEBUG] [org.gradle.process.internal.health.memory.DefaultMemoryManager] 1702348800 physical memory requested, 849694720 free
2024-10-18T18:37:09.158+0900 [DEBUG] [org.gradle.workers.internal.WorkerDaemonExpiration] Will attempt to release 1623 of memory
2024-10-18T18:37:09.158+0900 [DEBUG] [org.gradle.process.internal.health.memory.DefaultMemoryManager] 1702348800 physical memory requested, 0 released, 849694720 free
2024-10-18T18:37:11.712+0900 [DEBUG] [org.gradle.cache.internal.DefaultFileLockManager] Waiting to acquire shared lock on daemon addresses registry.
2024-10-18T18:37:11.713+0900 [DEBUG] [org.gradle.cache.internal.DefaultFileLockManager] Lock acquired on daemon addresses registry.
2024-10-18T18:37:11.714+0900 [DEBUG] [org.gradle.cache.internal.DefaultFileLockManager] Releasing lock on daemon addresses registry.
2024-10-18T18:37:11.715+0900 [DEBUG] [org.gradle.cache.internal.DefaultFileLockManager] Waiting to acquire shared lock on daemon addresses registry.
2024-10-18T18:37:11.715+0900 [DEBUG] [org.gradle.cache.internal.DefaultFileLockManager] Lock acquired on daemon addresses registry.
2024-10-18T18:37:11.715+0900 [DEBUG] [org.gradle.cache.internal.DefaultFileLockManager] Releasing lock on daemon addresses registry.
2024-10-18T18:37:11.716+0900 [DEBUG] [org.gradle.cache.internal.DefaultFileLockManager] Waiting to acquire shared lock on daemon addresses registry.
2024-10-18T18:37:11.716+0900 [DEBUG] [org.gradle.cache.internal.DefaultFileLockManager] Lock acquired on daemon addresses registry.
2024-10-18T18:37:11.716+0900 [DEBUG] [org.gradle.cache.internal.DefaultFileLockManager] Releasing lock on daemon addresses registry.
2024-10-18T18:37:11.716+0900 [INFO] [org.gradle.launcher.daemon.server.health.LowMemoryDaemonExpirationStrategy] after free system physical memory (810.3 MiB) fell below threshold of 811.7 MiB
2024-10-18T18:37:11.717+0900 [DEBUG] [org.gradle.cache.internal.DefaultFileLockManager] Waiting to acquire shared lock on daemon addresses registry.
2024-10-18T18:37:11.717+0900 [DEBUG] [org.gradle.cache.internal.DefaultFileLockManager] Lock acquired on daemon addresses registry.
2024-10-18T18:37:11.717+0900 [DEBUG] [org.gradle.cache.internal.DefaultFileLockManager] Releasing lock on daemon addresses registry.
2024-10-18T18:37:11.718+0900 [DEBUG] [org.gradle.launcher.daemon.server.DaemonRegistryUpdater] Storing daemon stop event: other compatible daemons were started and after being idle for 0 minutes and not recently used and after being idle for 0 minutes and not recently used and to reclaim system physical memory
2024-10-18T18:37:11.718+0900 [DEBUG] [org.gradle.launcher.daemon.registry.PersistentDaemonRegistry] Storing daemon stop event with timestamp 1729244231718
2024-10-18T18:37:11.719+0900 [DEBUG] [org.gradle.cache.internal.DefaultFileLockManager] Waiting to acquire exclusive lock on daemon addresses registry.
2024-10-18T18:37:11.720+0900 [DEBUG] [org.gradle.cache.internal.DefaultFileLockManager] Lock acquired on daemon addresses registry.
2024-10-18T18:37:11.720+0900 [DEBUG] [org.gradle.cache.internal.DefaultFileLockManager] Releasing lock on daemon addresses registry.
2024-10-18T18:37:11.721+0900 [LIFECYCLE] [org.gradle.launcher.daemon.server.DaemonStateCoordinator] Daemon will be stopped at the end of the build other compatible daemons were started and after being idle for 0 minutes and not recently used and after being idle for 0 minutes and not recently used and to reclaim system physical memory
2024-10-18T18:37:11.721+0900 [DEBUG] [org.gradle.launcher.daemon.server.DaemonStateCoordinator] Marking daemon stopped due to other compatible daemons were started and after being idle for 0 minutes and not recently used and after being idle for 0 minutes and not recently used and to reclaim system physical memory. The daemon is not running a build
2024-10-18T18:37:11.721+0900 [DEBUG] [org.gradle.launcher.daemon.server.DaemonStateCoordinator] daemon has stopped.
2024-10-18T18:37:11.722+0900 [DEBUG] [org.gradle.launcher.daemon.server.Daemon] stop() called on daemon
2024-10-18T18:37:11.722+0900 [INFO] [org.gradle.launcher.daemon.server.Daemon] Stop requested. Daemon is removing its presence from the registry...
2024-10-18T18:37:11.722+0900 [DEBUG] [org.gradle.launcher.daemon.server.DaemonRegistryUpdater] Removing our presence to clients, eg. removing this address from the registry: [65b63f2b-34b0-4a20-8025-52321d8e6610 port:50298, addresses:[localhost/127.0.0.1]]
2024-10-18T18:37:11.722+0900 [DEBUG] [org.gradle.launcher.daemon.registry.PersistentDaemonRegistry] Removing daemon address: [65b63f2b-34b0-4a20-8025-52321d8e6610 port:50298, addresses:[localhost/127.0.0.1]]
2024-10-18T18:37:11.723+0900 [DEBUG] [org.gradle.cache.internal.DefaultFileLockManager] Waiting to acquire exclusive lock on daemon addresses registry.
2024-10-18T18:37:11.723+0900 [DEBUG] [org.gradle.cache.internal.DefaultFileLockManager] Lock acquired on daemon addresses registry.
2024-10-18T18:37:11.724+0900 [DEBUG] [org.gradle.cache.internal.DefaultFileLockManager] Releasing lock on daemon addresses registry.
2024-10-18T18:37:11.724+0900 [DEBUG] [org.gradle.launcher.daemon.server.DaemonRegistryUpdater] Address removed from registry.
2024-10-18T18:37:11.727+0900 [DEBUG] [org.gradle.cache.internal.LockOnDemandCrossProcessCacheAccess] Releasing file lock for jars (C:\my_work_hj\Carblre\caches\jars-9)
2024-10-18T18:37:11.728+0900 [DEBUG] [org.gradle.cache.internal.DefaultFileLockManager] Releasing lock on jars (C:\my_work_hj\Carblre\caches\jars-9).
2024-10-18T18:37:11.729+0900 [DEBUG] [org.gradle.cache.internal.DefaultCacheCleanupExecutor] jars (C:\my_work_hj\Carblre\caches\jars-9) has last been fully cleaned up 24 hours ago
2024-10-18T18:37:11.729+0900 [DEBUG] [org.gradle.internal.operations.DefaultBuildOperationRunner] Build operation 'Clean up jars (C:\my_work_hj\Carblre\caches\jars-9)' started
2024-10-18T18:37:11.735+0900 [INFO] [org.gradle.cache.internal.AbstractCacheCleanup] jars (C:\my_work_hj\Carblre\caches\jars-9) cleanup deleted 0 files/directories.
2024-10-18T18:37:11.735+0900 [INFO] [org.gradle.cache.internal.LeastRecentlyUsedCacheCleanup] jars (C:\my_work_hj\Carblre\caches\jars-9) removing files not accessed on or after Fri Oct 11 18:36:53 KST 2024.
2024-10-18T18:37:11.735+0900 [DEBUG] [org.gradle.cache.internal.LockOnDemandCrossProcessCacheAccess] Acquiring file lock for journal cache (C:\my_work_hj\Carblre\caches\journal-1)
2024-10-18T18:37:11.735+0900 [DEBUG] [org.gradle.cache.internal.DefaultFileLockManager] Waiting to acquire exclusive lock on journal cache (C:\my_work_hj\Carblre\caches\journal-1).
2024-10-18T18:37:11.736+0900 [DEBUG] [org.gradle.cache.internal.DefaultFileLockManager] The file lock for journal cache (C:\my_work_hj\Carblre\caches\journal-1) is held by a different Gradle process (pid: 5056, lockId: 8574892436022080956). Pinged owner at port 50055
2024-10-18T18:37:11.736+0900 [DEBUG] [org.gradle.cache.internal.locklistener.DefaultFileLockContentionHandler] Gradle process at port 50055 confirmed unlock request for lock with id 8574892436022080956.
2024-10-18T18:37:11.736+0900 [DEBUG] [org.gradle.cache.internal.locklistener.DefaultFileLockContentionHandler] Gradle process at port 50055 confirmed unlock request for lock with id 8574892436022080956.
2024-10-18T18:37:11.736+0900 [DEBUG] [org.gradle.cache.internal.locklistener.DefaultFileLockContentionHandler] Gradle process at port 50055 confirmed lock release for lock with id 8574892436022080956.
2024-10-18T18:37:11.736+0900 [DEBUG] [org.gradle.cache.internal.locklistener.DefaultFileLockContentionHandler] Triggering lock release signal for lock with id 8574892436022080956.
2024-10-18T18:37:11.736+0900 [DEBUG] [org.gradle.cache.internal.locklistener.DefaultFileLockContentionHandler] Gradle process at port 50055 confirmed lock release for lock with id 8574892436022080956.
2024-10-18T18:37:11.736+0900 [DEBUG] [org.gradle.cache.internal.locklistener.DefaultFileLockContentionHandler] Triggering lock release signal for lock with id 8574892436022080956.
2024-10-18T18:37:11.736+0900 [DEBUG] [org.gradle.cache.internal.DefaultFileLockManager] Lock acquired on journal cache (C:\my_work_hj\Carblre\caches\journal-1).
2024-10-18T18:37:11.736+0900 [INFO] [org.gradle.cache.internal.InMemoryDecoratedCache] Invalidating in-memory cache of C:\my_work_hj\Carblre\caches\journal-1\file-access.bin
2024-10-18T18:37:11.737+0900 [DEBUG] [org.gradle.cache.internal.btree.BTreePersistentIndexedCache] Opening cache file-access.bin (C:\my_work_hj\Carblre\caches\journal-1\file-access.bin)
2024-10-18T18:37:11.739+0900 [INFO] [org.gradle.cache.internal.AbstractCacheCleanup] jars (C:\my_work_hj\Carblre\caches\jars-9) cleanup deleted 0 files/directories.
2024-10-18T18:37:11.739+0900 [INFO] [org.gradle.cache.internal.DefaultCacheCleanupExecutor] jars (C:\my_work_hj\Carblre\caches\jars-9) cleaned up in 0.009 secs.
2024-10-18T18:37:11.739+0900 [DEBUG] [org.gradle.internal.operations.DefaultBuildOperationRunner] Completing Build operation 'Clean up jars (C:\my_work_hj\Carblre\caches\jars-9)'
2024-10-18T18:37:11.739+0900 [DEBUG] [org.gradle.internal.operations.DefaultBuildOperationRunner] Build operation 'Clean up jars (C:\my_work_hj\Carblre\caches\jars-9)' completed
2024-10-18T18:37:11.740+0900 [DEBUG] [org.gradle.cache.internal.LockOnDemandCrossProcessCacheAccess] Releasing file lock for file content cache (C:\my_work_hj\Carblre\caches\8.10.2\fileContent)
2024-10-18T18:37:11.740+0900 [DEBUG] [org.gradle.cache.internal.DefaultFileLockManager] Releasing lock on file content cache (C:\my_work_hj\Carblre\caches\8.10.2\fileContent).
2024-10-18T18:37:11.740+0900 [DEBUG] [org.gradle.internal.watch.vfs.impl.WatchingVirtualFileSystem] Closing VFS, dropping state
2024-10-18T18:37:11.740+0900 [DEBUG] [org.gradle.cache.internal.DefaultCacheCoordinator] Cache Generated Gradle JARs cache (C:\my_work_hj\Carblre\caches\8.10.2\generated-gradle-jars) was closed 0 times.
2024-10-18T18:37:11.740+0900 [DEBUG] [org.gradle.internal.watch.registry.impl.DefaultFileWatcherRegistry] Finished listening to file system change events
2024-10-18T18:37:11.741+0900 [DEBUG] [org.gradle.cache.internal.DefaultCacheCleanupExecutor] artifact cache (C:\my_work_hj\Carblre\caches\modules-2) has last been fully cleaned up 24 hours ago
2024-10-18T18:37:11.741+0900 [DEBUG] [org.gradle.internal.operations.DefaultBuildOperationRunner] Build operation 'Clean up artifact cache (C:\my_work_hj\Carblre\caches\modules-2)' started
2024-10-18T18:37:11.741+0900 [INFO] [org.gradle.cache.internal.AbstractCacheCleanup] artifact cache (C:\my_work_hj\Carblre\caches\modules-2) cleanup deleted 0 files/directories.
2024-10-18T18:37:11.741+0900 [INFO] [org.gradle.cache.internal.AbstractCacheCleanup] artifact cache (C:\my_work_hj\Carblre\caches\modules-2) [subdir: C:\my_work_hj\Carblre\caches\modules-2\resources-2.1] cleanup deleted 0 files/directories.
2024-10-18T18:37:11.742+0900 [INFO] [org.gradle.cache.internal.LeastRecentlyUsedCacheCleanup] artifact cache (C:\my_work_hj\Carblre\caches\modules-2) [subdir: C:\my_work_hj\Carblre\caches\modules-2\resources-2.1] removing files not accessed on or after Wed Sep 18 18:36:53 KST 2024.
2024-10-18T18:37:11.742+0900 [INFO] [org.gradle.cache.internal.AbstractCacheCleanup] artifact cache (C:\my_work_hj\Carblre\caches\modules-2) [subdir: C:\my_work_hj\Carblre\caches\modules-2\resources-2.1] cleanup deleted 0 files/directories.
2024-10-18T18:37:11.742+0900 [INFO] [org.gradle.cache.internal.AbstractCacheCleanup] artifact cache (C:\my_work_hj\Carblre\caches\modules-2) [subdir: C:\my_work_hj\Carblre\caches\modules-2\files-2.1] cleanup deleted 0 files/directories.
2024-10-18T18:37:11.742+0900 [INFO] [org.gradle.cache.internal.LeastRecentlyUsedCacheCleanup] artifact cache (C:\my_work_hj\Carblre\caches\modules-2) [subdir: C:\my_work_hj\Carblre\caches\modules-2\files-2.1] removing files not accessed on or after Wed Sep 18 18:36:53 KST 2024.
2024-10-18T18:37:11.794+0900 [INFO] [org.gradle.cache.internal.AbstractCacheCleanup] artifact cache (C:\my_work_hj\Carblre\caches\modules-2) [subdir: C:\my_work_hj\Carblre\caches\modules-2\files-2.1] cleanup deleted 0 files/directories.
2024-10-18T18:37:11.795+0900 [INFO] [org.gradle.cache.internal.AbstractCacheCleanup] artifact cache (C:\my_work_hj\Carblre\caches\modules-2) [subdir: C:\my_work_hj\Carblre\caches\modules-2\metadata-2.106] cleanup deleted 0 files/directories.
2024-10-18T18:37:11.795+0900 [INFO] [org.gradle.cache.internal.AbstractCacheCleanup] artifact cache (C:\my_work_hj\Carblre\caches\modules-2) cleanup deleted 0 files/directories.
2024-10-18T18:37:11.795+0900 [INFO] [org.gradle.cache.internal.DefaultCacheCleanupExecutor] artifact cache (C:\my_work_hj\Carblre\caches\modules-2) cleaned up in 0.054 secs.
2024-10-18T18:37:11.795+0900 [DEBUG] [org.gradle.internal.operations.DefaultBuildOperationRunner] Completing Build operation 'Clean up artifact cache (C:\my_work_hj\Carblre\caches\modules-2)'
2024-10-18T18:37:11.795+0900 [DEBUG] [org.gradle.internal.operations.DefaultBuildOperationRunner] Build operation 'Clean up artifact cache (C:\my_work_hj\Carblre\caches\modules-2)' completed
2024-10-18T18:37:11.795+0900 [DEBUG] [org.gradle.cache.internal.DefaultCacheCoordinator] Cache artifact cache (C:\my_work_hj\Carblre\caches\modules-2) was closed 6 times.
2024-10-18T18:37:11.796+0900 [DEBUG] [org.gradle.cache.internal.DefaultCacheCleanupExecutor] groovy-dsl (C:\my_work_hj\Carblre\caches\8.10.2\groovy-dsl) has last been fully cleaned up 24 hours ago
2024-10-18T18:37:11.796+0900 [DEBUG] [org.gradle.internal.operations.DefaultBuildOperationRunner] Build operation 'Clean up groovy-dsl (C:\my_work_hj\Carblre\caches\8.10.2\groovy-dsl)' started
2024-10-18T18:37:11.796+0900 [INFO] [org.gradle.cache.internal.LeastRecentlyUsedCacheCleanup] groovy-dsl (C:\my_work_hj\Carblre\caches\8.10.2\groovy-dsl) removing files not accessed on or after Fri Oct 11 18:36:53 KST 2024.
2024-10-18T18:37:11.797+0900 [INFO] [org.gradle.cache.internal.AbstractCacheCleanup] groovy-dsl (C:\my_work_hj\Carblre\caches\8.10.2\groovy-dsl) cleanup deleted 0 files/directories.
2024-10-18T18:37:11.798+0900 [INFO] [org.gradle.cache.internal.DefaultCacheCleanupExecutor] groovy-dsl (C:\my_work_hj\Carblre\caches\8.10.2\groovy-dsl) cleaned up in 0.002 secs.
2024-10-18T18:37:11.798+0900 [DEBUG] [org.gradle.internal.operations.DefaultBuildOperationRunner] Completing Build operation 'Clean up groovy-dsl (C:\my_work_hj\Carblre\caches\8.10.2\groovy-dsl)'
2024-10-18T18:37:11.798+0900 [DEBUG] [org.gradle.internal.operations.DefaultBuildOperationRunner] Build operation 'Clean up groovy-dsl (C:\my_work_hj\Carblre\caches\8.10.2\groovy-dsl)' completed
2024-10-18T18:37:11.798+0900 [DEBUG] [org.gradle.cache.internal.DefaultCacheCoordinator] Cache groovy-dsl (C:\my_work_hj\Carblre\caches\8.10.2\groovy-dsl) was closed 0 times.
2024-10-18T18:37:11.799+0900 [DEBUG] [org.gradle.cache.internal.DefaultCacheCleanupExecutor] Artifact transforms cache (C:\my_work_hj\Carblre\caches\8.10.2\transforms) has last been fully cleaned up 24 hours ago
2024-10-18T18:37:11.799+0900 [DEBUG] [org.gradle.internal.operations.DefaultBuildOperationRunner] Build operation 'Clean up Artifact transforms cache (C:\my_work_hj\Carblre\caches\8.10.2\transforms)' started
2024-10-18T18:37:11.799+0900 [INFO] [org.gradle.cache.internal.LeastRecentlyUsedCacheCleanup] Artifact transforms cache (C:\my_work_hj\Carblre\caches\8.10.2\transforms) removing files not accessed on or after Fri Oct 11 18:36:53 KST 2024.
2024-10-18T18:37:11.808+0900 [INFO] [org.gradle.cache.internal.AbstractCacheCleanup] Artifact transforms cache (C:\my_work_hj\Carblre\caches\8.10.2\transforms) cleanup deleted 0 files/directories.
2024-10-18T18:37:11.808+0900 [INFO] [org.gradle.cache.internal.DefaultCacheCleanupExecutor] Artifact transforms cache (C:\my_work_hj\Carblre\caches\8.10.2\transforms) cleaned up in 0.009 secs.
2024-10-18T18:37:11.809+0900 [DEBUG] [org.gradle.internal.operations.DefaultBuildOperationRunner] Completing Build operation 'Clean up Artifact transforms cache (C:\my_work_hj\Carblre\caches\8.10.2\transforms)'
2024-10-18T18:37:11.809+0900 [DEBUG] [org.gradle.internal.operations.DefaultBuildOperationRunner] Build operation 'Clean up Artifact transforms cache (C:\my_work_hj\Carblre\caches\8.10.2\transforms)' completed
2024-10-18T18:37:11.809+0900 [DEBUG] [org.gradle.cache.internal.DefaultCacheCoordinator] Cache Artifact transforms cache (C:\my_work_hj\Carblre\caches\8.10.2\transforms) was closed 0 times.
2024-10-18T18:37:11.809+0900 [DEBUG] [org.gradle.cache.internal.LockOnDemandCrossProcessCacheAccess] Releasing file lock for journal cache (C:\my_work_hj\Carblre\caches\journal-1)
2024-10-18T18:37:11.809+0900 [DEBUG] [org.gradle.cache.internal.btree.BTreePersistentIndexedCache] Closing cache file-access.bin (C:\my_work_hj\Carblre\caches\journal-1\file-access.bin)
2024-10-18T18:37:11.809+0900 [DEBUG] [org.gradle.cache.internal.DefaultFileLockManager] Releasing lock on journal cache (C:\my_work_hj\Carblre\caches\journal-1).
2024-10-18T18:37:11.810+0900 [DEBUG] [org.gradle.cache.internal.DefaultCacheCoordinator] Cache journal cache (C:\my_work_hj\Carblre\caches\journal-1) was closed 3 times.
2024-10-18T18:37:11.810+0900 [DEBUG] [org.gradle.cache.internal.DefaultCacheCoordinator] Cache file hash cache (C:\my_work_hj\Carblre\caches\8.10.2\fileHashes) was closed 2 times.
2024-10-18T18:37:11.810+0900 [DEBUG] [org.gradle.internal.operations.DefaultBuildOperationRunner] Build operation 'Deleting unused version-specific caches in C:\my_work_hj\Carblre\caches' started
2024-10-18T18:37:11.814+0900 [DEBUG] [org.gradle.cache.internal.VersionSpecificCacheCleanupAction] Processed version-specific caches at C:\my_work_hj\Carblre\caches for cleanup in 0.002 secs
2024-10-18T18:37:11.814+0900 [DEBUG] [org.gradle.internal.operations.DefaultBuildOperationRunner] Completing Build operation 'Deleting unused version-specific caches in C:\my_work_hj\Carblre\caches'
2024-10-18T18:37:11.814+0900 [DEBUG] [org.gradle.internal.operations.DefaultBuildOperationRunner] Build operation 'Deleting unused version-specific caches in C:\my_work_hj\Carblre\caches' completed
2024-10-18T18:37:11.815+0900 [DEBUG] [org.gradle.internal.operations.DefaultBuildOperationRunner] Build operation 'Deleting unused Gradle distributions in C:\my_work_hj\Carblre\wrapper\dists' started
2024-10-18T18:37:11.816+0900 [DEBUG] [org.gradle.internal.operations.DefaultBuildOperationRunner] Completing Build operation 'Deleting unused Gradle distributions in C:\my_work_hj\Carblre\wrapper\dists'
2024-10-18T18:37:11.817+0900 [DEBUG] [org.gradle.internal.operations.DefaultBuildOperationRunner] Build operation 'Deleting unused Gradle distributions in C:\my_work_hj\Carblre\wrapper\dists' completed
2024-10-18T18:37:11.817+0900 [DEBUG] [org.gradle.launcher.daemon.server.Daemon] stop() called on daemon
2024-10-18T18:37:11.818+0900 [INFO] [org.gradle.launcher.daemon.server.Daemon] Stop requested. Daemon is removing its presence from the registry...
2024-10-18T18:37:11.818+0900 [DEBUG] [org.gradle.launcher.daemon.server.DaemonRegistryUpdater] Removing our presence to clients, eg. removing this address from the registry: [65b63f2b-34b0-4a20-8025-52321d8e6610 port:50298, addresses:[localhost/127.0.0.1]]
2024-10-18T18:37:11.818+0900 [DEBUG] [org.gradle.launcher.daemon.registry.PersistentDaemonRegistry] Removing daemon address: [65b63f2b-34b0-4a20-8025-52321d8e6610 port:50298, addresses:[localhost/127.0.0.1]]
2024-10-18T18:37:11.818+0900 [DEBUG] [org.gradle.cache.internal.DefaultFileLockManager] Waiting to acquire exclusive lock on daemon addresses registry.
2024-10-18T18:37:11.818+0900 [DEBUG] [org.gradle.cache.internal.DefaultFileLockManager] Lock acquired on daemon addresses registry.
2024-10-18T18:37:11.819+0900 [DEBUG] [org.gradle.cache.internal.DefaultFileLockManager] Releasing lock on daemon addresses registry.
2024-10-18T18:37:11.819+0900 [DEBUG] [org.gradle.launcher.daemon.server.DaemonRegistryUpdater] Address removed from registry.
2024-10-18T18:37:11.821+0900 [DEBUG] [org.gradle.cache.internal.locklistener.DefaultFileLockContentionHandler] File lock listener thread completed.
2024-10-18T18:37:11.822+0900 [DEBUG] [java.lang.Runtime] Runtime.exit() called with status: 0
java.lang.Throwable: Runtime.exit(0)
	at java.base/java.lang.Shutdown.logRuntimeExit(Shutdown.java:179)
	at java.base/java.lang.Shutdown.exit(Shutdown.java:160)
	at java.base/java.lang.Runtime.exit(Runtime.java:188)
	at java.base/java.lang.System.exit(System.java:1920)
	at org.gradle.launcher.bootstrap.ProcessCompleter.complete(ProcessCompleter.java:21)
	at org.gradle.launcher.bootstrap.EntryPoint.run(EntryPoint.java:61)
	at java.base/jdk.internal.reflect.DirectMethodHandleAccessor.invoke(DirectMethodHandleAccessor.java:103)
	at java.base/java.lang.reflect.Method.invoke(Method.java:580)
	at org.gradle.launcher.bootstrap.ProcessBootstrap.runNoExit(ProcessBootstrap.java:72)
	at org.gradle.launcher.bootstrap.ProcessBootstrap.run(ProcessBootstrap.java:39)
	at org.gradle.launcher.daemon.bootstrap.GradleDaemon.main(GradleDaemon.java:22)
Daemon vm is shutting down... The daemon has exited normally or was terminated in response to a user interrupt.
2024-10-18T18:37:11.823+0900 [DEBUG] [org.gradle.launcher.daemon.registry.PersistentDaemonRegistry] Removing daemon address: [65b63f2b-34b0-4a20-8025-52321d8e6610 port:50298, addresses:[localhost/127.0.0.1]]
2024-10-18T18:37:11.823+0900 [DEBUG] [org.gradle.launcher.daemon.server.Daemon] VM shutdown hook was unable to remove the daemon address from the registry. It will be cleaned up later.
java.lang.IllegalStateException: Cannot start managing file contention because this handler has been closed.
	at org.gradle.cache.internal.locklistener.DefaultFileLockContentionHandler.assertNotStopped(DefaultFileLockContentionHandler.java:217)
	at org.gradle.cache.internal.locklistener.DefaultFileLockContentionHandler.getCommunicator(DefaultFileLockContentionHandler.java:260)
	at org.gradle.cache.internal.locklistener.DefaultFileLockContentionHandler.reservePort(DefaultFileLockContentionHandler.java:254)
	at org.gradle.cache.internal.DefaultFileLockManager.lock(DefaultFileLockManager.java:124)
	at org.gradle.cache.internal.DefaultFileLockManager.lock(DefaultFileLockManager.java:106)
	at org.gradle.cache.internal.DefaultFileLockManager.lock(DefaultFileLockManager.java:101)
	at org.gradle.cache.internal.OnDemandFileAccess.updateFile(OnDemandFileAccess.java:51)
	at org.gradle.cache.internal.FileBackedObjectHolder.update(FileBackedObjectHolder.java:77)
	at org.gradle.cache.internal.FileIntegrityViolationSuppressingObjectHolderDecorator.lambda$update$0(FileIntegrityViolationSuppressingObjectHolderDecorator.java:48)
	at org.gradle.cache.internal.FileIntegrityViolationSuppressingObjectHolderDecorator.doUpdate(FileIntegrityViolationSuppressingObjectHolderDecorator.java:58)
	at org.gradle.cache.internal.FileIntegrityViolationSuppressingObjectHolderDecorator.update(FileIntegrityViolationSuppressingObjectHolderDecorator.java:48)
	at org.gradle.launcher.daemon.registry.PersistentDaemonRegistry.remove(PersistentDaemonRegistry.java:133)
	at org.gradle.launcher.daemon.server.Daemon$1.run(Daemon.java:133)
	at java.base/java.lang.Thread.run(Thread.java:1583)
